TN:
SF:server/config/environment.ts
FN:17,(anonymous_0)
FN:24,(anonymous_1)
FN:29,(anonymous_2)
FN:47,(anonymous_3)
FN:60,(anonymous_4)
FN:65,(anonymous_5)
FN:75,(anonymous_6)
FN:84,(anonymous_7)
FN:88,(anonymous_8)
FN:94,(anonymous_9)
FN:99,(anonymous_10)
FN:104,(anonymous_11)
FN:123,(anonymous_12)
FN:128,(anonymous_13)
FN:133,(anonymous_14)
FN:141,(anonymous_15)
FN:142,(anonymous_16)
FN:145,(anonymous_17)
FN:146,(anonymous_18)
FN:152,(anonymous_19)
FN:158,(anonymous_20)
FN:193,(anonymous_21)
FN:196,(anonymous_22)
FN:272,(anonymous_23)
FNF:24
FNH:17
FNDA:1,(anonymous_0)
FNDA:1,(anonymous_1)
FNDA:1,(anonymous_2)
FNDA:1,(anonymous_3)
FNDA:1,(anonymous_4)
FNDA:1,(anonymous_5)
FNDA:1,(anonymous_6)
FNDA:1,(anonymous_7)
FNDA:1,(anonymous_8)
FNDA:1,(anonymous_9)
FNDA:1,(anonymous_10)
FNDA:1,(anonymous_11)
FNDA:1,(anonymous_12)
FNDA:1,(anonymous_13)
FNDA:1,(anonymous_14)
FNDA:0,(anonymous_15)
FNDA:0,(anonymous_16)
FNDA:0,(anonymous_17)
FNDA:0,(anonymous_18)
FNDA:0,(anonymous_19)
FNDA:0,(anonymous_20)
FNDA:1,(anonymous_21)
FNDA:3,(anonymous_22)
FNDA:0,(anonymous_23)
DA:11,1
DA:17,1
DA:24,1
DA:29,1
DA:47,1
DA:60,1
DA:65,1
DA:75,1
DA:84,1
DA:88,1
DA:94,1
DA:99,1
DA:104,1
DA:123,1
DA:128,1
DA:133,1
DA:134,1
DA:135,1
DA:137,0
DA:138,0
DA:140,0
DA:141,0
DA:142,0
DA:144,0
DA:145,0
DA:146,0
DA:148,0
DA:150,0
DA:151,0
DA:152,0
DA:156,0
DA:157,0
DA:158,0
DA:163,0
DA:164,0
DA:167,0
DA:169,0
DA:174,1
DA:177,1
DA:178,1
DA:179,1
DA:182,1
DA:193,1
DA:195,1
DA:196,3
DA:200,0
DA:204,1
DA:212,1
DA:223,1
DA:233,1
DA:240,1
DA:246,1
DA:253,1
DA:272,1
LF:54
LH:34
BRDA:137,0,0,0
BRDA:137,0,1,0
BRDA:138,1,0,0
BRDA:138,1,1,0
BRDA:141,2,0,0
BRDA:141,2,1,0
BRDA:145,3,0,0
BRDA:145,3,1,0
BRDA:150,4,0,0
BRDA:150,4,1,0
BRDA:156,5,0,0
BRDA:156,5,1,0
BRDA:163,6,0,0
BRDA:163,6,1,0
BRDA:163,7,0,0
BRDA:163,7,1,0
BRDA:163,7,2,0
BRDA:184,8,0,1
BRDA:184,8,1,0
BRDA:187,9,0,1
BRDA:187,9,1,1
BRDA:195,10,0,1
BRDA:195,10,1,0
BRDA:214,11,0,1
BRDA:214,11,1,1
BRDA:218,12,0,1
BRDA:218,12,1,1
BRDA:241,13,0,1
BRDA:241,13,1,1
BRDA:242,14,0,1
BRDA:242,14,1,0
BRDA:248,15,0,1
BRDA:248,15,1,1
BRDA:285,16,0,0
BRDA:285,16,1,0
BRDA:287,17,0,0
BRDA:287,17,1,0
BRF:37
BRH:13
end_of_record
TN:
SF:server/lib/cache/unified-cache.ts
FN:57,(anonymous_0)
FN:63,(anonymous_1)
FN:81,(anonymous_2)
FN:91,(anonymous_3)
FN:92,(anonymous_4)
FN:153,(anonymous_5)
FN:159,(anonymous_6)
FN:173,(anonymous_7)
FN:192,(anonymous_8)
FN:209,(anonymous_9)
FN:216,(anonymous_10)
FN:221,(anonymous_11)
FN:244,(anonymous_12)
FN:251,(anonymous_13)
FN:255,(anonymous_14)
FN:266,(anonymous_15)
FN:283,(anonymous_16)
FN:330,(anonymous_17)
FN:354,(anonymous_18)
FN:361,(anonymous_19)
FN:380,(anonymous_20)
FN:442,(anonymous_21)
FN:479,(anonymous_22)
FN:527,(anonymous_23)
FN:539,(anonymous_24)
FN:546,(anonymous_25)
FNF:26
FNH:9
FNDA:1,(anonymous_0)
FNDA:4,(anonymous_1)
FNDA:1,(anonymous_2)
FNDA:7,(anonymous_3)
FNDA:7,(anonymous_4)
FNDA:4,(anonymous_5)
FNDA:4,(anonymous_6)
FNDA:0,(anonymous_7)
FNDA:0,(anonymous_8)
FNDA:0,(anonymous_9)
FNDA:0,(anonymous_10)
FNDA:0,(anonymous_11)
FNDA:0,(anonymous_12)
FNDA:0,(anonymous_13)
FNDA:0,(anonymous_14)
FNDA:5,(anonymous_15)
FNDA:0,(anonymous_16)
FNDA:0,(anonymous_17)
FNDA:0,(anonymous_18)
FNDA:0,(anonymous_19)
FNDA:0,(anonymous_20)
FNDA:2,(anonymous_21)
FNDA:0,(anonymous_22)
FNDA:0,(anonymous_23)
FNDA:0,(anonymous_24)
FNDA:0,(anonymous_25)
DA:1,1
DA:2,1
DA:25,1
DA:26,1
DA:29,1
DA:32,1
DA:35,1
DA:39,1
DA:48,1
DA:60,1
DA:65,4
DA:70,1
DA:71,0
DA:75,1
DA:82,1
DA:83,1
DA:85,1
DA:92,7
DA:93,7
DA:94,7
DA:96,7
DA:98,7
DA:99,7
DA:100,2
DA:101,2
DA:102,2
DA:103,2
DA:104,2
DA:105,2
DA:106,2
DA:110,5
DA:111,0
DA:112,0
DA:113,0
DA:114,0
DA:115,0
DA:116,0
DA:117,0
DA:120,0
DA:122,0
DA:123,0
DA:124,0
DA:127,0
DA:128,0
DA:133,5
DA:134,5
DA:135,5
DA:136,5
DA:137,5
DA:139,0
DA:140,0
DA:144,0
DA:145,0
DA:159,4
DA:160,4
DA:161,4
DA:162,4
DA:164,4
DA:166,4
DA:167,4
DA:171,4
DA:172,0
DA:173,0
DA:174,0
DA:178,4
DA:179,4
DA:180,4
DA:182,0
DA:183,0
DA:184,0
DA:185,0
DA:197,0
DA:200,0
DA:201,0
DA:203,0
DA:207,0
DA:209,0
DA:217,0
DA:219,0
DA:221,0
DA:224,0
DA:227,0
DA:228,0
DA:229,0
DA:230,0
DA:232,0
DA:236,0
DA:237,0
DA:245,0
DA:252,0
DA:254,0
DA:255,0
DA:256,0
DA:260,0
DA:267,5
DA:269,5
DA:270,0
DA:271,0
DA:273,0
DA:277,5
DA:284,0
DA:285,0
DA:288,0
DA:289,0
DA:290,0
DA:291,0
DA:294,0
DA:295,0
DA:301,0
DA:302,0
DA:305,0
DA:308,0
DA:310,0
DA:311,0
DA:315,0
DA:317,0
DA:318,0
DA:322,0
DA:331,0
DA:332,0
DA:333,0
DA:334,0
DA:335,0
DA:336,0
DA:343,0
DA:347,0
DA:355,0
DA:362,0
DA:364,0
DA:366,0
DA:381,0
DA:382,0
DA:385,0
DA:386,0
DA:390,0
DA:391,0
DA:392,0
DA:393,0
DA:399,0
DA:400,0
DA:401,0
DA:407,0
DA:408,0
DA:409,0
DA:410,0
DA:411,0
DA:412,0
DA:413,0
DA:416,0
DA:420,0
DA:422,0
DA:458,2
DA:459,2
DA:462,2
DA:475,1
DA:477,1
DA:479,0
DA:480,0
DA:481,0
DA:484,0
DA:490,0
DA:500,1
DA:511,1
DA:512,1
DA:514,1
DA:533,0
DA:540,0
DA:547,0
DA:548,0
DA:551,0
DA:552,0
DA:553,0
DA:554,0
DA:558,0
DA:559,0
DA:560,0
DA:561,0
DA:562,0
DA:565,0
DA:570,1
LF:180
LH:59
BRDA:70,0,0,0
BRDA:70,0,1,1
BRDA:82,1,0,1
BRDA:82,1,1,0
BRDA:99,2,0,2
BRDA:99,2,1,5
BRDA:110,3,0,0
BRDA:110,3,1,5
BRDA:113,4,0,0
BRDA:113,4,1,0
BRDA:156,5,0,4
BRDA:171,6,0,0
BRDA:171,6,1,4
BRDA:200,7,0,0
BRDA:200,7,1,0
BRDA:224,8,0,0
BRDA:224,8,1,0
BRDA:227,9,0,0
BRDA:227,9,1,0
BRDA:227,10,0,0
BRDA:227,10,1,0
BRDA:232,11,0,0
BRDA:232,11,1,0
BRDA:254,12,0,0
BRDA:254,12,1,0
BRDA:269,13,0,0
BRDA:269,13,1,5
BRDA:284,14,0,0
BRDA:284,14,1,0
BRDA:285,15,0,0
BRDA:285,15,1,0
BRDA:289,16,0,0
BRDA:289,16,1,0
BRDA:290,17,0,0
BRDA:290,17,1,0
BRDA:294,18,0,0
BRDA:294,18,1,0
BRDA:301,19,0,0
BRDA:301,19,1,0
BRDA:305,20,0,0
BRDA:305,20,1,0
BRDA:317,21,0,0
BRDA:317,21,1,0
BRDA:331,22,0,0
BRDA:331,22,1,0
BRDA:331,23,0,0
BRDA:331,23,1,0
BRDA:364,24,0,0
BRDA:364,24,1,0
BRDA:372,25,0,0
BRDA:372,25,1,0
BRDA:385,26,0,0
BRDA:385,26,1,0
BRDA:385,27,0,0
BRDA:385,27,1,0
BRDA:392,28,0,0
BRDA:392,28,1,0
BRDA:400,29,0,0
BRDA:400,29,1,0
BRDA:407,30,0,0
BRDA:407,30,1,0
BRDA:412,31,0,0
BRDA:412,31,1,0
BRDA:424,32,0,0
BRDA:424,32,1,0
BRDA:426,33,0,0
BRDA:426,33,1,0
BRDA:446,34,0,2
BRDA:462,35,0,1
BRDA:462,35,1,1
BRDA:477,36,0,0
BRDA:477,36,1,1
BRDA:512,37,0,1
BRDA:512,37,1,0
BRDA:531,38,0,0
BRDA:533,39,0,0
BRDA:533,39,1,0
BRDA:551,40,0,0
BRDA:551,40,1,0
BRDA:551,41,0,0
BRDA:551,41,1,0
BRDA:553,42,0,0
BRDA:553,42,1,0
BRDA:553,43,0,0
BRDA:553,43,1,0
BRDA:559,44,0,0
BRDA:559,44,1,0
BRDA:561,45,0,0
BRDA:561,45,1,0
BRF:89
BRH:13
end_of_record
TN:
SF:server/lib/cache/unified-memory-cache.ts
FN:48,(anonymous_0)
FN:60,(anonymous_1)
FN:71,(anonymous_2)
FN:108,(anonymous_3)
FN:165,(anonymous_4)
FN:170,(anonymous_5)
FN:174,(anonymous_6)
FN:177,(anonymous_7)
FN:188,(anonymous_8)
FN:196,(anonymous_9)
FN:200,(anonymous_10)
FN:203,(anonymous_11)
FN:208,(anonymous_12)
FNF:13
FNH:7
FNDA:1,(anonymous_0)
FNDA:1,(anonymous_1)
FNDA:8,(anonymous_2)
FNDA:0,(anonymous_3)
FNDA:0,(anonymous_4)
FNDA:0,(anonymous_5)
FNDA:0,(anonymous_6)
FNDA:0,(anonymous_7)
FNDA:0,(anonymous_8)
FNDA:2,(anonymous_9)
FNDA:3,(anonymous_10)
FNDA:5,(anonymous_11)
FNDA:15,(anonymous_12)
DA:44,1
DA:45,1
DA:46,1
DA:49,1
DA:57,1
DA:61,1
DA:62,1
DA:64,1
DA:79,8
DA:81,8
DA:90,8
DA:91,8
DA:94,8
DA:95,1
DA:96,1
DA:98,1
DA:99,1
DA:100,1
DA:102,1
DA:103,1
DA:105,1
DA:106,0
DA:109,0
DA:113,1
DA:118,7
DA:119,2
DA:121,2
DA:123,2
DA:125,1
DA:126,1
DA:127,1
DA:128,1
DA:131,1
DA:132,1
DA:133,1
DA:134,1
DA:137,2
DA:141,5
DA:142,5
DA:144,5
DA:145,1
DA:146,1
DA:147,1
DA:148,1
DA:149,1
DA:150,1
DA:154,4
DA:155,4
DA:156,4
DA:157,3
DA:159,3
DA:160,3
DA:163,3
DA:165,0
DA:167,3
DA:171,0
DA:172,0
DA:174,0
DA:178,0
DA:179,0
DA:189,0
DA:190,0
DA:191,0
DA:192,0
DA:193,0
DA:197,2
DA:198,2
DA:199,2
DA:200,3
DA:204,5
DA:205,5
DA:206,0
DA:207,5
DA:208,15
DA:212,1
LF:75
LH:61
BRDA:61,0,0,1
BRDA:61,0,1,0
BRDA:94,1,0,1
BRDA:94,1,1,7
BRDA:105,2,0,0
BRDA:105,2,1,1
BRDA:118,3,0,2
BRDA:118,3,1,5
BRDA:121,4,0,2
BRDA:121,4,1,1
BRDA:121,4,2,0
BRDA:123,5,0,1
BRDA:123,5,1,1
BRDA:123,6,0,2
BRDA:123,6,1,1
BRDA:144,7,0,1
BRDA:144,7,1,4
BRDA:180,8,0,0
BRDA:180,8,1,0
BRDA:181,9,0,0
BRDA:181,9,1,0
BRDA:198,10,0,0
BRDA:198,10,1,2
BRDA:205,11,0,0
BRDA:205,11,1,5
BRF:25
BRH:16
end_of_record
TN:
SF:server/lib/cache/upstash-client.ts
FN:19,(anonymous_0)
FN:22,(anonymous_1)
FN:27,(anonymous_2)
FNF:3
FNH:0
FNDA:0,(anonymous_0)
FNDA:0,(anonymous_1)
FNDA:0,(anonymous_2)
DA:4,1
DA:8,1
DA:13,1
DA:20,0
DA:21,0
DA:22,0
DA:24,0
DA:25,0
DA:27,0
DA:32,0
DA:37,1
LF:11
LH:4
BRDA:4,0,0,1
BRDA:4,0,1,0
BRDA:5,1,0,1
BRDA:5,1,1,0
BRDA:15,2,0,1
BRDA:15,2,1,1
BRDA:16,3,0,1
BRDA:16,3,1,1
BRDA:21,4,0,0
BRDA:21,4,1,0
BRDA:38,5,0,1
BRDA:38,5,1,0
BRF:12
BRH:7
end_of_record
TN:
SF:server/lib/monitoring/logger.ts
FN:14,(anonymous_0)
FN:65,(anonymous_1)
FN:88,(anonymous_2)
FN:98,(anonymous_3)
FN:116,(anonymous_4)
FN:125,(anonymous_5)
FN:134,(anonymous_6)
FN:143,(anonymous_7)
FN:165,(anonymous_8)
FN:168,(anonymous_9)
FN:173,(anonymous_10)
FN:176,(anonymous_11)
FN:193,(anonymous_12)
FN:202,serializeError
FN:221,(anonymous_14)
FN:227,(anonymous_15)
FNF:16
FNH:7
FNDA:1,(anonymous_0)
FNDA:8,(anonymous_1)
FNDA:1,(anonymous_2)
FNDA:9,(anonymous_3)
FNDA:1,(anonymous_4)
FNDA:7,(anonymous_5)
FNDA:1,(anonymous_6)
FNDA:0,(anonymous_7)
FNDA:0,(anonymous_8)
FNDA:0,(anonymous_9)
FNDA:0,(anonymous_10)
FNDA:0,(anonymous_11)
FNDA:0,(anonymous_12)
FNDA:0,serializeError
FNDA:0,(anonymous_14)
FNDA:0,(anonymous_15)
DA:1,1
DA:6,1
DA:15,1
DA:16,1
DA:19,1
DA:66,8
DA:67,8
DA:89,1
DA:90,1
DA:92,1
DA:99,9
DA:101,9
DA:102,0
DA:103,0
DA:105,0
DA:109,9
DA:110,0
DA:113,9
DA:117,1
DA:118,1
DA:119,0
DA:121,1
DA:126,7
DA:127,7
DA:128,0
DA:130,7
DA:135,1
DA:136,1
DA:137,0
DA:139,1
DA:144,0
DA:150,0
DA:155,0
DA:158,0
DA:159,0
DA:161,0
DA:167,0
DA:169,0
DA:182,0
DA:186,0
DA:194,0
DA:195,0
DA:200,1
DA:203,0
DA:204,0
DA:210,0
DA:211,0
DA:212,0
DA:214,0
DA:217,0
DA:221,1
DA:222,0
DA:223,0
DA:227,1
LF:54
LH:26
BRDA:16,0,0,1
BRDA:16,0,1,0
BRDA:16,1,0,0
BRDA:16,1,1,0
BRDA:67,2,0,0
BRDA:67,2,1,8
BRDA:70,3,0,0
BRDA:70,3,1,1
BRDA:89,4,0,1
BRDA:89,4,1,0
BRDA:101,5,0,0
BRDA:101,5,1,9
BRDA:102,6,0,0
BRDA:102,6,1,0
BRDA:102,7,0,0
BRDA:102,7,1,0
BRDA:109,8,0,0
BRDA:109,8,1,9
BRDA:118,9,0,0
BRDA:118,9,1,1
BRDA:127,10,0,0
BRDA:127,10,1,7
BRDA:136,11,0,0
BRDA:136,11,1,1
BRDA:150,12,0,0
BRDA:150,12,1,0
BRDA:150,13,0,0
BRDA:150,13,1,0
BRDA:158,14,0,0
BRDA:158,14,1,0
BRDA:180,15,0,0
BRDA:182,16,0,0
BRDA:182,16,1,0
BRDA:182,17,0,0
BRDA:182,17,1,0
BRDA:194,18,0,0
BRDA:194,18,1,0
BRDA:203,19,0,0
BRDA:203,19,1,0
BRDA:210,20,0,0
BRDA:210,20,1,0
BRDA:210,21,0,0
BRDA:210,21,1,0
BRDA:222,22,0,0
BRDA:222,22,1,0
BRF:45
BRH:9
end_of_record
TN:
SF:server/lib/resilience/circuit-breaker.ts
FN:50,createCircuit
FN:78,(anonymous_1)
FN:86,(anonymous_2)
FN:95,(anonymous_3)
FN:103,(anonymous_4)
FN:111,(anonymous_5)
FN:119,(anonymous_6)
FN:127,(anonymous_7)
FN:143,withCircuit
FN:155,getCircuitMetrics
FN:162,getCircuit
FN:169,resetCircuit
FNF:12
FNH:0
FNDA:0,createCircuit
FNDA:0,(anonymous_1)
FNDA:0,(anonymous_2)
FNDA:0,(anonymous_3)
FNDA:0,(anonymous_4)
FNDA:0,(anonymous_5)
FNDA:0,(anonymous_6)
FNDA:0,(anonymous_7)
FNDA:0,withCircuit
FNDA:0,getCircuitMetrics
FNDA:0,getCircuit
FNDA:0,resetCircuit
DA:22,1
DA:32,1
DA:45,1
DA:55,0
DA:56,0
DA:57,0
DA:60,0
DA:65,0
DA:68,0
DA:78,0
DA:79,0
DA:80,0
DA:81,0
DA:82,0
DA:86,0
DA:87,0
DA:88,0
DA:89,0
DA:90,0
DA:92,0
DA:95,0
DA:96,0
DA:97,0
DA:98,0
DA:100,0
DA:103,0
DA:104,0
DA:105,0
DA:106,0
DA:108,0
DA:111,0
DA:112,0
DA:113,0
DA:114,0
DA:116,0
DA:119,0
DA:120,0
DA:121,0
DA:122,0
DA:124,0
DA:127,0
DA:128,0
DA:129,0
DA:130,0
DA:134,0
DA:135,0
DA:137,0
DA:148,0
DA:149,0
DA:156,0
DA:163,0
DA:170,0
DA:171,0
DA:172,0
DA:173,0
DA:174,0
DA:175,0
DA:176,0
DA:177,0
DA:178,0
DA:179,0
DA:181,0
DA:182,0
DA:184,0
DA:193,1
DA:204,1
DA:215,1
LF:67
LH:6
BRDA:53,0,0,0
BRDA:56,1,0,0
BRDA:56,1,1,0
BRDA:80,2,0,0
BRDA:80,2,1,0
BRDA:88,3,0,0
BRDA:88,3,1,0
BRDA:97,4,0,0
BRDA:97,4,1,0
BRDA:105,5,0,0
BRDA:105,5,1,0
BRDA:113,6,0,0
BRDA:113,6,1,0
BRDA:121,7,0,0
BRDA:121,7,1,0
BRDA:129,8,0,0
BRDA:129,8,1,0
BRDA:146,9,0,0
BRDA:171,10,0,0
BRDA:171,10,1,0
BRDA:174,11,0,0
BRDA:174,11,1,0
BRF:22
BRH:0
end_of_record
TN:
SF:shared/schema/catalog.ts
FN:28,(anonymous_0)
FN:31,(anonymous_1)
FN:55,(anonymous_2)
FN:77,(anonymous_3)
FN:93,(anonymous_4)
FN:115,(anonymous_5)
FN:132,(anonymous_6)
FNF:7
FNH:0
FNDA:0,(anonymous_0)
FNDA:0,(anonymous_1)
FNDA:0,(anonymous_2)
FNDA:0,(anonymous_3)
FNDA:0,(anonymous_4)
FNDA:0,(anonymous_5)
FNDA:0,(anonymous_6)
DA:17,1
DA:28,0
DA:31,0
DA:55,0
DA:63,1
DA:77,0
DA:93,0
DA:102,1
DA:115,0
DA:132,0
DA:150,1
DA:166,1
DA:181,1
LF:13
LH:6
BRF:0
BRH:0
end_of_record
TN:
SF:shared/schema/categories.ts
FN:34,(anonymous_0)
FN:71,(anonymous_1)
FNF:2
FNH:0
FNDA:0,(anonymous_0)
FNDA:0,(anonymous_1)
DA:20,1
DA:34,0
DA:71,0
DA:93,1
DA:95,1
LF:5
LH:3
BRF:0
BRH:0
end_of_record
TN:
SF:shared/schema/common.ts
FN:4,(anonymous_0)
FNF:1
FNH:1
FNDA:10,(anonymous_0)
DA:4,10
LF:1
LH:1
BRF:0
BRH:0
end_of_record
TN:
SF:shared/schema/materials.ts
FN:52,(anonymous_0)
FN:66,(anonymous_1)
FN:100,(anonymous_2)
FN:111,(anonymous_3)
FN:112,(anonymous_4)
FNF:5
FNH:0
FNDA:0,(anonymous_0)
FNDA:0,(anonymous_1)
FNDA:0,(anonymous_2)
FNDA:0,(anonymous_3)
FNDA:0,(anonymous_4)
DA:17,1
DA:52,0
DA:66,0
DA:78,1
DA:100,0
DA:109,1
DA:111,0
DA:112,0
DA:124,1
DA:216,1
DA:227,1
LF:11
LH:6
BRF:0
BRH:0
end_of_record
TN:
SF:shared/schema/media.ts
FN:67,(anonymous_0)
FN:100,(anonymous_1)
FNF:2
FNH:0
FNDA:0,(anonymous_0)
FNDA:0,(anonymous_1)
DA:16,1
DA:39,1
DA:67,0
DA:100,0
DA:159,1
DA:172,1
LF:6
LH:4
BRF:0
BRH:0
end_of_record
TN:
SF:shared/schema/products.ts
FN:31,(anonymous_0)
FN:38,(anonymous_1)
FN:41,(anonymous_2)
FN:44,(anonymous_3)
FN:73,(anonymous_4)
FN:76,(anonymous_5)
FN:108,(anonymous_6)
FNF:7
FNH:0
FNDA:0,(anonymous_0)
FNDA:0,(anonymous_1)
FNDA:0,(anonymous_2)
FNDA:0,(anonymous_3)
FNDA:0,(anonymous_4)
FNDA:0,(anonymous_5)
FNDA:0,(anonymous_6)
DA:20,1
DA:31,0
DA:38,0
DA:41,0
DA:44,0
DA:73,0
DA:76,0
DA:108,0
DA:141,1
DA:212,1
LF:10
LH:3
BRF:0
BRH:0
end_of_record
